{"C:\\Code\\stellar-burgers\\src\\services\\rootReducer.ts": {"path":"C:\\Code\\stellar-burgers\\src\\services\\rootReducer.ts","statementMap":{"0":{"start":{"line":1,"column":0},"end":{"line":1,"column":51}},"1":{"start":{"line":2,"column":0},"end":{"line":2,"column":59}},"2":{"start":{"line":3,"column":0},"end":{"line":3,"column":59}},"3":{"start":{"line":4,"column":0},"end":{"line":4,"column":45}},"4":{"start":{"line":5,"column":0},"end":{"line":5,"column":47}},"5":{"start":{"line":6,"column":0},"end":{"line":6,"column":45}},"6":{"start":{"line":8,"column":13},"end":{"line":14,"column":3}}},"fnMap":{},"branchMap":{},"s":{"0":1,"1":1,"2":1,"3":1,"4":1,"5":1,"6":1},"f":{},"b":{}}
,"C:\\Code\\stellar-burgers\\src\\services\\slices\\constructorSlice.ts": {"path":"C:\\Code\\stellar-burgers\\src\\services\\slices\\constructorSlice.ts","statementMap":{"0":{"start":{"line":1,"column":0},"end":{"line":1,"column":62}},"1":{"start":{"line":2,"column":0},"end":{"line":2,"column":36}},"2":{"start":{"line":10,"column":39},"end":{"line":13,"column":2}},"3":{"start":{"line":15,"column":25},"end":{"line":68,"column":2}},"4":{"start":{"line":24,"column":8},"end":{"line":27,"column":9}},"5":{"start":{"line":25,"column":10},"end":{"line":25,"column":37}},"6":{"start":{"line":26,"column":10},"end":{"line":26,"column":17}},"7":{"start":{"line":29,"column":8},"end":{"line":29,"column":73}},"8":{"start":{"line":31,"column":44},"end":{"line":39,"column":null}},"9":{"start":{"line":42,"column":6},"end":{"line":44,"column":8}},"10":{"start":{"line":43,"column":18},"end":{"line":43,"column":null}},"11":{"start":{"line":47,"column":20},"end":{"line":47,"column":34}},"12":{"start":{"line":48,"column":6},"end":{"line":50,"column":7}},"13":{"start":{"line":49,"column":8},"end":{"line":49,"column":15}},"14":{"start":{"line":51,"column":6},"end":{"line":51,"column":65}},"15":{"start":{"line":57,"column":20},"end":{"line":57,"column":34}},"16":{"start":{"line":58,"column":6},"end":{"line":60,"column":7}},"17":{"start":{"line":59,"column":8},"end":{"line":59,"column":15}},"18":{"start":{"line":61,"column":6},"end":{"line":61,"column":65}},"19":{"start":{"line":66,"column":28},"end":{"line":66,"column":null}},"20":{"start":{"line":71,"column":2},"end":{"line":75,"column":null}},"21":{"start":{"line":78,"column":0},"end":{"line":78,"column":40}}},"fnMap":{"0":{"name":"(anonymous_2)","decl":{"start":{"line":20,"column":15},"end":{"line":20,"column":null}},"loc":{"start":{"line":22,"column":67},"end":{"line":30,"column":7}}},"1":{"name":"(anonymous_3)","decl":{"start":{"line":31,"column":15},"end":{"line":31,"column":16}},"loc":{"start":{"line":31,"column":39},"end":{"line":31,"column":45}}},"2":{"name":"(anonymous_4)","decl":{"start":{"line":41,"column":22},"end":{"line":41,"column":23}},"loc":{"start":{"line":41,"column":59},"end":{"line":45,"column":5}}},"3":{"name":"(anonymous_5)","decl":{"start":{"line":43,"column":8},"end":{"line":43,"column":9}},"loc":{"start":{"line":43,"column":13},"end":{"line":43,"column":22}}},"4":{"name":"(anonymous_6)","decl":{"start":{"line":46,"column":22},"end":{"line":46,"column":23}},"loc":{"start":{"line":46,"column":59},"end":{"line":55,"column":5}}},"5":{"name":"(anonymous_7)","decl":{"start":{"line":56,"column":24},"end":{"line":56,"column":25}},"loc":{"start":{"line":56,"column":61},"end":{"line":65,"column":5}}},"6":{"name":"(anonymous_8)","decl":{"start":{"line":66,"column":22},"end":{"line":66,"column":28}},"loc":{"start":{"line":66,"column":22},"end":{"line":66,"column":40}}}},"branchMap":{"0":{"loc":{"start":{"line":24,"column":8},"end":{"line":27,"column":9}},"type":"if","locations":[{"start":{"line":24,"column":8},"end":{"line":27,"column":9}}]},"1":{"loc":{"start":{"line":33,"column":10},"end":{"line":37,"column":null}},"type":"cond-expr","locations":[{"start":{"line":34,"column":14},"end":{"line":34,"column":24}},{"start":{"line":35,"column":13},"end":{"line":37,"column":null}}]},"2":{"loc":{"start":{"line":48,"column":6},"end":{"line":50,"column":7}},"type":"if","locations":[{"start":{"line":48,"column":6},"end":{"line":50,"column":7}}]},"3":{"loc":{"start":{"line":58,"column":6},"end":{"line":60,"column":7}},"type":"if","locations":[{"start":{"line":58,"column":6},"end":{"line":60,"column":7}}]}},"s":{"0":2,"1":2,"2":2,"3":2,"4":2,"5":1,"6":1,"7":1,"8":2,"9":1,"10":2,"11":1,"12":1,"13":0,"14":1,"15":1,"16":1,"17":0,"18":1,"19":0,"20":2,"21":2},"f":{"0":2,"1":2,"2":1,"3":2,"4":1,"5":1,"6":0},"b":{"0":[1],"1":[1,1],"2":[0],"3":[0]}}
,"C:\\Code\\stellar-burgers\\src\\services\\slices\\feedSlice.ts": {"path":"C:\\Code\\stellar-burgers\\src\\services\\slices\\feedSlice.ts","statementMap":{"0":{"start":{"line":1,"column":0},"end":{"line":1,"column":65}},"1":{"start":{"line":2,"column":0},"end":{"line":2,"column":49}},"2":{"start":{"line":16,"column":32},"end":{"line":25,"column":2}},"3":{"start":{"line":27,"column":13},"end":{"line":40,"column":2}},"4":{"start":{"line":29,"column":29},"end":{"line":29,"column":31}},"5":{"start":{"line":31,"column":13},"end":{"line":31,"column":33}},"6":{"start":{"line":31,"column":6},"end":{"line":31,"column":33}},"7":{"start":{"line":33,"column":6},"end":{"line":37,"column":8}},"8":{"start":{"line":42,"column":13},"end":{"line":55,"column":2}},"9":{"start":{"line":44,"column":29},"end":{"line":44,"column":31}},"10":{"start":{"line":46,"column":13},"end":{"line":46,"column":34}},"11":{"start":{"line":46,"column":6},"end":{"line":46,"column":34}},"12":{"start":{"line":48,"column":6},"end":{"line":52,"column":8}},"13":{"start":{"line":57,"column":18},"end":{"line":92,"column":2}},"14":{"start":{"line":62,"column":4},"end":{"line":90,"column":9}},"15":{"start":{"line":64,"column":8},"end":{"line":64,"column":31}},"16":{"start":{"line":65,"column":8},"end":{"line":65,"column":27}},"17":{"start":{"line":68,"column":8},"end":{"line":68,"column":32}},"18":{"start":{"line":69,"column":8},"end":{"line":69,"column":45}},"19":{"start":{"line":70,"column":8},"end":{"line":70,"column":43}},"20":{"start":{"line":71,"column":8},"end":{"line":71,"column":53}},"21":{"start":{"line":74,"column":8},"end":{"line":74,"column":32}},"22":{"start":{"line":75,"column":8},"end":{"line":76,"column":77}},"23":{"start":{"line":79,"column":8},"end":{"line":79,"column":42}},"24":{"start":{"line":80,"column":8},"end":{"line":80,"column":40}},"25":{"start":{"line":83,"column":8},"end":{"line":83,"column":43}},"26":{"start":{"line":84,"column":8},"end":{"line":84,"column":45}},"27":{"start":{"line":87,"column":8},"end":{"line":87,"column":43}},"28":{"start":{"line":88,"column":8},"end":{"line":89,"column":79}},"29":{"start":{"line":94,"column":0},"end":{"line":94,"column":33}}},"fnMap":{"0":{"name":"(anonymous_13)","decl":{"start":{"line":29,"column":2},"end":{"line":29,"column":9}},"loc":{"start":{"line":29,"column":31},"end":{"line":39,"column":null}}},"1":{"name":"(anonymous_16)","decl":{"start":{"line":44,"column":2},"end":{"line":44,"column":9}},"loc":{"start":{"line":44,"column":31},"end":{"line":54,"column":null}}},"2":{"name":"(anonymous_19)","decl":{"start":{"line":61,"column":17},"end":{"line":61,"column":18}},"loc":{"start":{"line":61,"column":25},"end":{"line":91,"column":3}}},"3":{"name":"(anonymous_20)","decl":{"start":{"line":63,"column":34},"end":{"line":63,"column":35}},"loc":{"start":{"line":63,"column":40},"end":{"line":66,"column":7}}},"4":{"name":"(anonymous_21)","decl":{"start":{"line":67,"column":36},"end":{"line":67,"column":37}},"loc":{"start":{"line":67,"column":50},"end":{"line":72,"column":7}}},"5":{"name":"(anonymous_22)","decl":{"start":{"line":73,"column":35},"end":{"line":73,"column":36}},"loc":{"start":{"line":73,"column":49},"end":{"line":77,"column":7}}},"6":{"name":"(anonymous_23)","decl":{"start":{"line":78,"column":43},"end":{"line":78,"column":44}},"loc":{"start":{"line":78,"column":49},"end":{"line":81,"column":7}}},"7":{"name":"(anonymous_24)","decl":{"start":{"line":82,"column":45},"end":{"line":82,"column":46}},"loc":{"start":{"line":82,"column":59},"end":{"line":85,"column":7}}},"8":{"name":"(anonymous_25)","decl":{"start":{"line":86,"column":44},"end":{"line":86,"column":45}},"loc":{"start":{"line":86,"column":58},"end":{"line":90,"column":7}}}},"branchMap":{"0":{"loc":{"start":{"line":31,"column":6},"end":{"line":31,"column":33}},"type":"switch","locations":[{"start":{"line":31,"column":6},"end":{"line":31,"column":33}}]},"1":{"loc":{"start":{"line":34,"column":8},"end":{"line":36,"column":48}},"type":"cond-expr","locations":[{"start":{"line":35,"column":12},"end":{"line":35,"column":25}},{"start":{"line":36,"column":12},"end":{"line":36,"column":48}}]},"2":{"loc":{"start":{"line":46,"column":6},"end":{"line":46,"column":34}},"type":"switch","locations":[{"start":{"line":46,"column":6},"end":{"line":46,"column":34}}]},"3":{"loc":{"start":{"line":49,"column":8},"end":{"line":51,"column":50}},"type":"cond-expr","locations":[{"start":{"line":50,"column":12},"end":{"line":50,"column":25}},{"start":{"line":51,"column":12},"end":{"line":51,"column":50}}]},"4":{"loc":{"start":{"line":76,"column":11},"end":{"line":76,"column":76}},"type":"binary-expr","locations":[{"start":{"line":76,"column":11},"end":{"line":76,"column":36}},{"start":{"line":76,"column":40},"end":{"line":76,"column":76}}]},"5":{"loc":{"start":{"line":89,"column":11},"end":{"line":89,"column":78}},"type":"binary-expr","locations":[{"start":{"line":89,"column":11},"end":{"line":89,"column":36}},{"start":{"line":89,"column":40},"end":{"line":89,"column":78}}]}},"s":{"0":1,"1":1,"2":1,"3":1,"4":0,"5":0,"6":0,"7":0,"8":1,"9":0,"10":0,"11":0,"12":0,"13":1,"14":1,"15":0,"16":0,"17":0,"18":0,"19":0,"20":0,"21":0,"22":0,"23":0,"24":0,"25":0,"26":0,"27":0,"28":0,"29":1},"f":{"0":0,"1":0,"2":1,"3":0,"4":0,"5":0,"6":0,"7":0,"8":0},"b":{"0":[0],"1":[0,0],"2":[0],"3":[0,0],"4":[0,0],"5":[0,0]}}
,"C:\\Code\\stellar-burgers\\src\\services\\slices\\ingredientsSlice.ts": {"path":"C:\\Code\\stellar-burgers\\src\\services\\slices\\ingredientsSlice.ts","statementMap":{"0":{"start":{"line":1,"column":0},"end":{"line":1,"column":65}},"1":{"start":{"line":2,"column":0},"end":{"line":2,"column":41}},"2":{"start":{"line":11,"column":39},"end":{"line":15,"column":2}},"3":{"start":{"line":17,"column":13},"end":{"line":30,"column":2}},"4":{"start":{"line":19,"column":29},"end":{"line":19,"column":31}},"5":{"start":{"line":21,"column":13},"end":{"line":21,"column":39}},"6":{"start":{"line":21,"column":6},"end":{"line":21,"column":39}},"7":{"start":{"line":23,"column":6},"end":{"line":27,"column":8}},"8":{"start":{"line":32,"column":25},"end":{"line":52,"column":2}},"9":{"start":{"line":37,"column":4},"end":{"line":50,"column":9}},"10":{"start":{"line":39,"column":8},"end":{"line":39,"column":31}},"11":{"start":{"line":40,"column":8},"end":{"line":40,"column":27}},"12":{"start":{"line":43,"column":8},"end":{"line":43,"column":32}},"13":{"start":{"line":44,"column":8},"end":{"line":44,"column":37}},"14":{"start":{"line":47,"column":8},"end":{"line":47,"column":32}},"15":{"start":{"line":48,"column":8},"end":{"line":49,"column":75}},"16":{"start":{"line":54,"column":0},"end":{"line":54,"column":40}}},"fnMap":{"0":{"name":"(anonymous_13)","decl":{"start":{"line":19,"column":2},"end":{"line":19,"column":9}},"loc":{"start":{"line":19,"column":31},"end":{"line":29,"column":null}}},"1":{"name":"(anonymous_16)","decl":{"start":{"line":36,"column":17},"end":{"line":36,"column":18}},"loc":{"start":{"line":36,"column":25},"end":{"line":51,"column":3}}},"2":{"name":"(anonymous_17)","decl":{"start":{"line":38,"column":41},"end":{"line":38,"column":42}},"loc":{"start":{"line":38,"column":47},"end":{"line":41,"column":7}}},"3":{"name":"(anonymous_18)","decl":{"start":{"line":42,"column":43},"end":{"line":42,"column":44}},"loc":{"start":{"line":42,"column":57},"end":{"line":45,"column":7}}},"4":{"name":"(anonymous_19)","decl":{"start":{"line":46,"column":42},"end":{"line":46,"column":43}},"loc":{"start":{"line":46,"column":56},"end":{"line":50,"column":7}}}},"branchMap":{"0":{"loc":{"start":{"line":21,"column":6},"end":{"line":21,"column":39}},"type":"switch","locations":[{"start":{"line":21,"column":6},"end":{"line":21,"column":39}}]},"1":{"loc":{"start":{"line":24,"column":8},"end":{"line":26,"column":46}},"type":"cond-expr","locations":[{"start":{"line":25,"column":12},"end":{"line":25,"column":25}},{"start":{"line":26,"column":12},"end":{"line":26,"column":46}}]},"2":{"loc":{"start":{"line":49,"column":11},"end":{"line":49,"column":74}},"type":"binary-expr","locations":[{"start":{"line":49,"column":11},"end":{"line":49,"column":36}},{"start":{"line":49,"column":40},"end":{"line":49,"column":74}}]}},"s":{"0":2,"1":2,"2":2,"3":2,"4":0,"5":0,"6":0,"7":0,"8":2,"9":2,"10":1,"11":1,"12":1,"13":1,"14":1,"15":1,"16":2},"f":{"0":0,"1":2,"2":1,"3":1,"4":1},"b":{"0":[0],"1":[0,0],"2":[1,0]}}
,"C:\\Code\\stellar-burgers\\src\\services\\slices\\orderSlice.ts": {"path":"C:\\Code\\stellar-burgers\\src\\services\\slices\\orderSlice.ts","statementMap":{"0":{"start":{"line":1,"column":0},"end":{"line":1,"column":80}},"1":{"start":{"line":2,"column":0},"end":{"line":2,"column":59}},"2":{"start":{"line":12,"column":33},"end":{"line":17,"column":2}},"3":{"start":{"line":19,"column":13},"end":{"line":30,"column":2}},"4":{"start":{"line":21,"column":51},"end":{"line":21,"column":53}},"5":{"start":{"line":23,"column":13},"end":{"line":23,"column":49}},"6":{"start":{"line":23,"column":6},"end":{"line":23,"column":49}},"7":{"start":{"line":25,"column":6},"end":{"line":27,"column":8}},"8":{"start":{"line":32,"column":13},"end":{"line":47,"column":2}},"9":{"start":{"line":34,"column":34},"end":{"line":34,"column":36}},"10":{"start":{"line":36,"column":19},"end":{"line":36,"column":null}},"11":{"start":{"line":36,"column":12},"end":{"line":36,"column":null}},"12":{"start":{"line":37,"column":6},"end":{"line":39,"column":7}},"13":{"start":{"line":38,"column":8},"end":{"line":38,"column":43}},"14":{"start":{"line":40,"column":6},"end":{"line":40,"column":28}},"15":{"start":{"line":42,"column":6},"end":{"line":44,"column":8}},"16":{"start":{"line":49,"column":19},"end":{"line":87,"column":2}},"17":{"start":{"line":54,"column":6},"end":{"line":54,"column":34}},"18":{"start":{"line":57,"column":6},"end":{"line":57,"column":29}},"19":{"start":{"line":60,"column":6},"end":{"line":60,"column":39}},"20":{"start":{"line":64,"column":4},"end":{"line":85,"column":9}},"21":{"start":{"line":66,"column":8},"end":{"line":66,"column":34}},"22":{"start":{"line":67,"column":8},"end":{"line":67,"column":27}},"23":{"start":{"line":70,"column":8},"end":{"line":70,"column":35}},"24":{"start":{"line":71,"column":8},"end":{"line":71,"column":73}},"25":{"start":{"line":74,"column":8},"end":{"line":74,"column":35}},"26":{"start":{"line":75,"column":8},"end":{"line":75,"column":80}},"27":{"start":{"line":78,"column":8},"end":{"line":78,"column":27}},"28":{"start":{"line":81,"column":8},"end":{"line":81,"column":41}},"29":{"start":{"line":84,"column":8},"end":{"line":84,"column":80}},"30":{"start":{"line":89,"column":15},"end":{"line":89,"column":null}},"31":{"start":{"line":92,"column":0},"end":{"line":92,"column":34}}},"fnMap":{"0":{"name":"(anonymous_13)","decl":{"start":{"line":21,"column":2},"end":{"line":21,"column":9}},"loc":{"start":{"line":21,"column":53},"end":{"line":29,"column":null}}},"1":{"name":"(anonymous_16)","decl":{"start":{"line":34,"column":2},"end":{"line":34,"column":9}},"loc":{"start":{"line":34,"column":36},"end":{"line":46,"column":null}}},"2":{"name":"(anonymous_19)","decl":{"start":{"line":53,"column":25},"end":{"line":53,"column":26}},"loc":{"start":{"line":53,"column":31},"end":{"line":55,"column":5}}},"3":{"name":"(anonymous_20)","decl":{"start":{"line":56,"column":20},"end":{"line":56,"column":21}},"loc":{"start":{"line":56,"column":26},"end":{"line":58,"column":5}}},"4":{"name":"(anonymous_21)","decl":{"start":{"line":59,"column":18},"end":{"line":59,"column":19}},"loc":{"start":{"line":59,"column":55},"end":{"line":61,"column":5}}},"5":{"name":"(anonymous_22)","decl":{"start":{"line":63,"column":17},"end":{"line":63,"column":18}},"loc":{"start":{"line":63,"column":25},"end":{"line":86,"column":3}}},"6":{"name":"(anonymous_23)","decl":{"start":{"line":65,"column":36},"end":{"line":65,"column":37}},"loc":{"start":{"line":65,"column":42},"end":{"line":68,"column":7}}},"7":{"name":"(anonymous_24)","decl":{"start":{"line":69,"column":38},"end":{"line":69,"column":39}},"loc":{"start":{"line":69,"column":52},"end":{"line":72,"column":7}}},"8":{"name":"(anonymous_25)","decl":{"start":{"line":73,"column":37},"end":{"line":73,"column":38}},"loc":{"start":{"line":73,"column":51},"end":{"line":76,"column":7}}},"9":{"name":"(anonymous_26)","decl":{"start":{"line":77,"column":43},"end":{"line":77,"column":44}},"loc":{"start":{"line":77,"column":49},"end":{"line":79,"column":7}}},"10":{"name":"(anonymous_27)","decl":{"start":{"line":80,"column":45},"end":{"line":80,"column":46}},"loc":{"start":{"line":80,"column":59},"end":{"line":82,"column":7}}},"11":{"name":"(anonymous_28)","decl":{"start":{"line":83,"column":44},"end":{"line":83,"column":45}},"loc":{"start":{"line":83,"column":58},"end":{"line":85,"column":7}}}},"branchMap":{"0":{"loc":{"start":{"line":23,"column":6},"end":{"line":23,"column":49}},"type":"switch","locations":[{"start":{"line":23,"column":6},"end":{"line":23,"column":49}}]},"1":{"loc":{"start":{"line":26,"column":8},"end":{"line":26,"column":76}},"type":"cond-expr","locations":[{"start":{"line":26,"column":33},"end":{"line":26,"column":46}},{"start":{"line":26,"column":49},"end":{"line":26,"column":76}}]},"2":{"loc":{"start":{"line":37,"column":6},"end":{"line":39,"column":7}},"type":"if","locations":[{"start":{"line":37,"column":6},"end":{"line":39,"column":7}}]},"3":{"loc":{"start":{"line":43,"column":8},"end":{"line":43,"column":76}},"type":"cond-expr","locations":[{"start":{"line":43,"column":33},"end":{"line":43,"column":46}},{"start":{"line":43,"column":49},"end":{"line":43,"column":76}}]},"4":{"loc":{"start":{"line":75,"column":23},"end":{"line":75,"column":79}},"type":"binary-expr","locations":[{"start":{"line":75,"column":23},"end":{"line":75,"column":48}},{"start":{"line":75,"column":52},"end":{"line":75,"column":79}}]},"5":{"loc":{"start":{"line":84,"column":23},"end":{"line":84,"column":79}},"type":"binary-expr","locations":[{"start":{"line":84,"column":23},"end":{"line":84,"column":48}},{"start":{"line":84,"column":52},"end":{"line":84,"column":79}}]}},"s":{"0":1,"1":1,"2":1,"3":1,"4":0,"5":0,"6":0,"7":0,"8":1,"9":0,"10":0,"11":0,"12":0,"13":0,"14":0,"15":0,"16":1,"17":0,"18":0,"19":0,"20":1,"21":0,"22":0,"23":0,"24":0,"25":0,"26":0,"27":0,"28":0,"29":0,"30":1,"31":1},"f":{"0":0,"1":0,"2":0,"3":0,"4":0,"5":1,"6":0,"7":0,"8":0,"9":0,"10":0,"11":0},"b":{"0":[0],"1":[0,0],"2":[0],"3":[0,0],"4":[0,0],"5":[0,0]}}
,"C:\\Code\\stellar-burgers\\src\\services\\slices\\userSlice.ts": {"path":"C:\\Code\\stellar-burgers\\src\\services\\slices\\userSlice.ts","statementMap":{"0":{"start":{"line":1,"column":0},"end":{"line":1,"column":65}},"1":{"start":{"line":2,"column":0},"end":{"line":2,"column":null}},"2":{"start":{"line":11,"column":0},"end":{"line":11,"column":61}},"3":{"start":{"line":24,"column":32},"end":{"line":32,"column":2}},"4":{"start":{"line":34,"column":19},"end":{"line":37,"column":1}},"5":{"start":{"line":35,"column":2},"end":{"line":35,"column":40}},"6":{"start":{"line":36,"column":2},"end":{"line":36,"column":53}},"7":{"start":{"line":39,"column":20},"end":{"line":42,"column":1}},"8":{"start":{"line":40,"column":2},"end":{"line":40,"column":30}},"9":{"start":{"line":41,"column":2},"end":{"line":41,"column":42}},"10":{"start":{"line":44,"column":13},"end":{"line":55,"column":2}},"11":{"start":{"line":46,"column":47},"end":{"line":46,"column":49}},"12":{"start":{"line":48,"column":13},"end":{"line":48,"column":41}},"13":{"start":{"line":48,"column":6},"end":{"line":48,"column":41}},"14":{"start":{"line":50,"column":6},"end":{"line":52,"column":8}},"15":{"start":{"line":57,"column":13},"end":{"line":68,"column":2}},"16":{"start":{"line":59,"column":44},"end":{"line":59,"column":46}},"17":{"start":{"line":61,"column":13},"end":{"line":61,"column":38}},"18":{"start":{"line":61,"column":6},"end":{"line":61,"column":38}},"19":{"start":{"line":63,"column":6},"end":{"line":65,"column":8}},"20":{"start":{"line":70,"column":13},"end":{"line":87,"column":2}},"21":{"start":{"line":72,"column":29},"end":{"line":72,"column":31}},"22":{"start":{"line":74,"column":6},"end":{"line":76,"column":7}},"23":{"start":{"line":75,"column":8},"end":{"line":75,"column":20}},"24":{"start":{"line":77,"column":19},"end":{"line":77,"column":null}},"25":{"start":{"line":77,"column":12},"end":{"line":77,"column":null}},"26":{"start":{"line":78,"column":6},"end":{"line":78,"column":23}},"27":{"start":{"line":80,"column":6},"end":{"line":84,"column":8}},"28":{"start":{"line":89,"column":13},"end":{"line":100,"column":2}},"29":{"start":{"line":91,"column":56},"end":{"line":91,"column":58}},"30":{"start":{"line":93,"column":13},"end":{"line":93,"column":39}},"31":{"start":{"line":93,"column":6},"end":{"line":93,"column":39}},"32":{"start":{"line":95,"column":6},"end":{"line":97,"column":8}},"33":{"start":{"line":102,"column":13},"end":{"line":114,"column":2}},"34":{"start":{"line":104,"column":29},"end":{"line":104,"column":31}},"35":{"start":{"line":106,"column":6},"end":{"line":106,"column":24}},"36":{"start":{"line":107,"column":6},"end":{"line":107,"column":18}},"37":{"start":{"line":109,"column":6},"end":{"line":111,"column":8}},"38":{"start":{"line":116,"column":18},"end":{"line":186,"column":2}},"39":{"start":{"line":121,"column":4},"end":{"line":184,"column":9}},"40":{"start":{"line":123,"column":8},"end":{"line":123,"column":35}},"41":{"start":{"line":126,"column":8},"end":{"line":126,"column":76}},"42":{"start":{"line":127,"column":8},"end":{"line":127,"column":41}},"43":{"start":{"line":128,"column":8},"end":{"line":128,"column":37}},"44":{"start":{"line":129,"column":8},"end":{"line":129,"column":35}},"45":{"start":{"line":132,"column":8},"end":{"line":133,"column":72}},"46":{"start":{"line":134,"column":8},"end":{"line":134,"column":35}},"47":{"start":{"line":137,"column":8},"end":{"line":137,"column":32}},"48":{"start":{"line":140,"column":8},"end":{"line":140,"column":76}},"49":{"start":{"line":141,"column":8},"end":{"line":141,"column":41}},"50":{"start":{"line":142,"column":8},"end":{"line":142,"column":37}},"51":{"start":{"line":143,"column":8},"end":{"line":143,"column":35}},"52":{"start":{"line":146,"column":8},"end":{"line":146,"column":76}},"53":{"start":{"line":147,"column":8},"end":{"line":147,"column":35}},"54":{"start":{"line":150,"column":8},"end":{"line":150,"column":36}},"55":{"start":{"line":153,"column":8},"end":{"line":153,"column":36}},"56":{"start":{"line":154,"column":8},"end":{"line":154,"column":56}},"57":{"start":{"line":155,"column":8},"end":{"line":155,"column":35}},"58":{"start":{"line":158,"column":8},"end":{"line":158,"column":22}},"59":{"start":{"line":159,"column":8},"end":{"line":159,"column":26}},"60":{"start":{"line":160,"column":8},"end":{"line":160,"column":38}},"61":{"start":{"line":161,"column":8},"end":{"line":161,"column":35}},"62":{"start":{"line":164,"column":8},"end":{"line":164,"column":37}},"63":{"start":{"line":167,"column":8},"end":{"line":167,"column":41}},"64":{"start":{"line":170,"column":8},"end":{"line":171,"column":70}},"65":{"start":{"line":174,"column":8},"end":{"line":174,"column":33}},"66":{"start":{"line":177,"column":8},"end":{"line":177,"column":22}},"67":{"start":{"line":178,"column":8},"end":{"line":178,"column":26}},"68":{"start":{"line":179,"column":8},"end":{"line":179,"column":38}},"69":{"start":{"line":180,"column":8},"end":{"line":180,"column":35}},"70":{"start":{"line":183,"column":8},"end":{"line":183,"column":77}},"71":{"start":{"line":188,"column":0},"end":{"line":188,"column":33}}},"fnMap":{"0":{"name":"(anonymous_13)","decl":{"start":{"line":34,"column":19},"end":{"line":34,"column":20}},"loc":{"start":{"line":34,"column":61},"end":{"line":37,"column":1}}},"1":{"name":"(anonymous_14)","decl":{"start":{"line":39,"column":20},"end":{"line":39,"column":null}},"loc":{"start":{"line":39,"column":20},"end":{"line":42,"column":1}}},"2":{"name":"(anonymous_15)","decl":{"start":{"line":46,"column":2},"end":{"line":46,"column":9}},"loc":{"start":{"line":46,"column":49},"end":{"line":54,"column":null}}},"3":{"name":"(anonymous_18)","decl":{"start":{"line":59,"column":2},"end":{"line":59,"column":9}},"loc":{"start":{"line":59,"column":46},"end":{"line":67,"column":null}}},"4":{"name":"(anonymous_21)","decl":{"start":{"line":72,"column":2},"end":{"line":72,"column":9}},"loc":{"start":{"line":72,"column":31},"end":{"line":86,"column":null}}},"5":{"name":"(anonymous_24)","decl":{"start":{"line":91,"column":2},"end":{"line":91,"column":9}},"loc":{"start":{"line":91,"column":58},"end":{"line":99,"column":null}}},"6":{"name":"(anonymous_27)","decl":{"start":{"line":104,"column":2},"end":{"line":104,"column":9}},"loc":{"start":{"line":104,"column":31},"end":{"line":113,"column":null}}},"7":{"name":"(anonymous_30)","decl":{"start":{"line":120,"column":17},"end":{"line":120,"column":18}},"loc":{"start":{"line":120,"column":25},"end":{"line":185,"column":3}}},"8":{"name":"(anonymous_31)","decl":{"start":{"line":122,"column":37},"end":{"line":122,"column":38}},"loc":{"start":{"line":122,"column":43},"end":{"line":124,"column":7}}},"9":{"name":"(anonymous_32)","decl":{"start":{"line":125,"column":39},"end":{"line":125,"column":40}},"loc":{"start":{"line":125,"column":53},"end":{"line":130,"column":7}}},"10":{"name":"(anonymous_33)","decl":{"start":{"line":131,"column":38},"end":{"line":131,"column":39}},"loc":{"start":{"line":131,"column":52},"end":{"line":135,"column":7}}},"11":{"name":"(anonymous_34)","decl":{"start":{"line":136,"column":34},"end":{"line":136,"column":35}},"loc":{"start":{"line":136,"column":40},"end":{"line":138,"column":7}}},"12":{"name":"(anonymous_35)","decl":{"start":{"line":139,"column":36},"end":{"line":139,"column":37}},"loc":{"start":{"line":139,"column":50},"end":{"line":144,"column":7}}},"13":{"name":"(anonymous_36)","decl":{"start":{"line":145,"column":35},"end":{"line":145,"column":36}},"loc":{"start":{"line":145,"column":49},"end":{"line":148,"column":7}}},"14":{"name":"(anonymous_37)","decl":{"start":{"line":149,"column":34},"end":{"line":149,"column":35}},"loc":{"start":{"line":149,"column":40},"end":{"line":151,"column":7}}},"15":{"name":"(anonymous_38)","decl":{"start":{"line":152,"column":36},"end":{"line":152,"column":37}},"loc":{"start":{"line":152,"column":50},"end":{"line":156,"column":7}}},"16":{"name":"(anonymous_39)","decl":{"start":{"line":157,"column":35},"end":{"line":157,"column":36}},"loc":{"start":{"line":157,"column":41},"end":{"line":162,"column":7}}},"17":{"name":"(anonymous_40)","decl":{"start":{"line":163,"column":35},"end":{"line":163,"column":36}},"loc":{"start":{"line":163,"column":41},"end":{"line":165,"column":7}}},"18":{"name":"(anonymous_41)","decl":{"start":{"line":166,"column":37},"end":{"line":166,"column":38}},"loc":{"start":{"line":166,"column":51},"end":{"line":168,"column":7}}},"19":{"name":"(anonymous_42)","decl":{"start":{"line":169,"column":36},"end":{"line":169,"column":37}},"loc":{"start":{"line":169,"column":50},"end":{"line":172,"column":7}}},"20":{"name":"(anonymous_43)","decl":{"start":{"line":173,"column":35},"end":{"line":173,"column":36}},"loc":{"start":{"line":173,"column":41},"end":{"line":175,"column":7}}},"21":{"name":"(anonymous_44)","decl":{"start":{"line":176,"column":37},"end":{"line":176,"column":38}},"loc":{"start":{"line":176,"column":43},"end":{"line":181,"column":7}}},"22":{"name":"(anonymous_45)","decl":{"start":{"line":182,"column":36},"end":{"line":182,"column":37}},"loc":{"start":{"line":182,"column":50},"end":{"line":184,"column":7}}}},"branchMap":{"0":{"loc":{"start":{"line":48,"column":6},"end":{"line":48,"column":41}},"type":"switch","locations":[{"start":{"line":48,"column":6},"end":{"line":48,"column":41}}]},"1":{"loc":{"start":{"line":51,"column":8},"end":{"line":51,"column":80}},"type":"cond-expr","locations":[{"start":{"line":51,"column":33},"end":{"line":51,"column":46}},{"start":{"line":51,"column":49},"end":{"line":51,"column":80}}]},"2":{"loc":{"start":{"line":61,"column":6},"end":{"line":61,"column":38}},"type":"switch","locations":[{"start":{"line":61,"column":6},"end":{"line":61,"column":38}}]},"3":{"loc":{"start":{"line":64,"column":8},"end":{"line":64,"column":67}},"type":"cond-expr","locations":[{"start":{"line":64,"column":33},"end":{"line":64,"column":46}},{"start":{"line":64,"column":49},"end":{"line":64,"column":67}}]},"4":{"loc":{"start":{"line":74,"column":6},"end":{"line":76,"column":7}},"type":"if","locations":[{"start":{"line":74,"column":6},"end":{"line":76,"column":7}}]},"5":{"loc":{"start":{"line":81,"column":8},"end":{"line":83,"column":46}},"type":"cond-expr","locations":[{"start":{"line":82,"column":12},"end":{"line":82,"column":25}},{"start":{"line":83,"column":12},"end":{"line":83,"column":46}}]},"6":{"loc":{"start":{"line":93,"column":6},"end":{"line":93,"column":39}},"type":"switch","locations":[{"start":{"line":93,"column":6},"end":{"line":93,"column":39}}]},"7":{"loc":{"start":{"line":96,"column":8},"end":{"line":96,"column":78}},"type":"cond-expr","locations":[{"start":{"line":96,"column":33},"end":{"line":96,"column":46}},{"start":{"line":96,"column":49},"end":{"line":96,"column":78}}]},"8":{"loc":{"start":{"line":110,"column":8},"end":{"line":110,"column":67}},"type":"cond-expr","locations":[{"start":{"line":110,"column":33},"end":{"line":110,"column":46}},{"start":{"line":110,"column":49},"end":{"line":110,"column":67}}]},"9":{"loc":{"start":{"line":133,"column":11},"end":{"line":133,"column":71}},"type":"binary-expr","locations":[{"start":{"line":133,"column":11},"end":{"line":133,"column":36}},{"start":{"line":133,"column":40},"end":{"line":133,"column":71}}]},"10":{"loc":{"start":{"line":146,"column":28},"end":{"line":146,"column":75}},"type":"binary-expr","locations":[{"start":{"line":146,"column":28},"end":{"line":146,"column":53}},{"start":{"line":146,"column":57},"end":{"line":146,"column":75}}]},"11":{"loc":{"start":{"line":171,"column":11},"end":{"line":171,"column":69}},"type":"binary-expr","locations":[{"start":{"line":171,"column":11},"end":{"line":171,"column":36}},{"start":{"line":171,"column":40},"end":{"line":171,"column":69}}]},"12":{"loc":{"start":{"line":183,"column":29},"end":{"line":183,"column":76}},"type":"binary-expr","locations":[{"start":{"line":183,"column":29},"end":{"line":183,"column":54}},{"start":{"line":183,"column":58},"end":{"line":183,"column":76}}]}},"s":{"0":1,"1":1,"2":1,"3":1,"4":1,"5":0,"6":0,"7":1,"8":0,"9":0,"10":1,"11":0,"12":0,"13":0,"14":0,"15":1,"16":0,"17":0,"18":0,"19":0,"20":1,"21":0,"22":0,"23":0,"24":0,"25":0,"26":0,"27":0,"28":1,"29":0,"30":0,"31":0,"32":0,"33":1,"34":0,"35":0,"36":0,"37":0,"38":1,"39":1,"40":0,"41":0,"42":0,"43":0,"44":0,"45":0,"46":0,"47":0,"48":0,"49":0,"50":0,"51":0,"52":0,"53":0,"54":0,"55":0,"56":0,"57":0,"58":0,"59":0,"60":0,"61":0,"62":0,"63":0,"64":0,"65":0,"66":0,"67":0,"68":0,"69":0,"70":0,"71":1},"f":{"0":0,"1":0,"2":0,"3":0,"4":0,"5":0,"6":0,"7":1,"8":0,"9":0,"10":0,"11":0,"12":0,"13":0,"14":0,"15":0,"16":0,"17":0,"18":0,"19":0,"20":0,"21":0,"22":0},"b":{"0":[0],"1":[0,0],"2":[0],"3":[0,0],"4":[0],"5":[0,0],"6":[0],"7":[0,0],"8":[0,0],"9":[0,0],"10":[0,0],"11":[0,0],"12":[0,0]}}
,"C:\\Code\\stellar-burgers\\src\\utils\\burger-api.ts": {"path":"C:\\Code\\stellar-burgers\\src\\utils\\burger-api.ts","statementMap":{"0":{"start":{"line":1,"column":0},"end":{"line":1,"column":48}},"1":{"start":{"line":4,"column":12},"end":{"line":4,"column":38}},"2":{"start":{"line":6,"column":22},"end":{"line":7,"column":5}},"3":{"start":{"line":7,"column":2},"end":{"line":7,"column":70}},"4":{"start":{"line":7,"column":49},"end":{"line":7,"column":69}},"5":{"start":{"line":9,"column":19},"end":{"line":28,"column":1}},"6":{"start":{"line":10,"column":2},"end":{"line":12,"column":3}},"7":{"start":{"line":11,"column":4},"end":{"line":11,"column":33}},"8":{"start":{"line":14,"column":2},"end":{"line":21,"column":3}},"9":{"start":{"line":20,"column":4},"end":{"line":20,"column":52}},"10":{"start":{"line":23,"column":2},"end":{"line":25,"column":3}},"11":{"start":{"line":24,"column":4},"end":{"line":24,"column":44}},"12":{"start":{"line":27,"column":2},"end":{"line":27,"column":55}},"13":{"start":{"line":39,"column":28},"end":{"line":40,"column":7}},"14":{"start":{"line":40,"column":2},"end":{"line":58,"column":23}},"15":{"start":{"line":49,"column":19},"end":{"line":49,"column":56}},"16":{"start":{"line":51,"column":6},"end":{"line":53,"column":7}},"17":{"start":{"line":52,"column":8},"end":{"line":52,"column":43}},"18":{"start":{"line":54,"column":6},"end":{"line":54,"column":69}},"19":{"start":{"line":55,"column":6},"end":{"line":55,"column":56}},"20":{"start":{"line":56,"column":6},"end":{"line":56,"column":25}},"21":{"start":{"line":39,"column":13},"end":{"line":39,"column":28}},"22":{"start":{"line":60,"column":32},"end":{"line":80,"column":2}},"23":{"start":{"line":62,"column":22},"end":{"line":80,"column":2}},"24":{"start":{"line":65,"column":16},"end":{"line":65,"column":null}},"25":{"start":{"line":65,"column":10},"end":{"line":65,"column":null}},"26":{"start":{"line":66,"column":11},"end":{"line":66,"column":39}},"27":{"start":{"line":66,"column":4},"end":{"line":66,"column":39}},"28":{"start":{"line":68,"column":8},"end":{"line":68,"column":9}},"29":{"start":{"line":69,"column":26},"end":{"line":69,"column":null}},"30":{"start":{"line":69,"column":12},"end":{"line":69,"column":null}},"31":{"start":{"line":70,"column":6},"end":{"line":73,"column":7}},"32":{"start":{"line":71,"column":9},"end":{"line":72,"column":34}},"33":{"start":{"line":74,"column":18},"end":{"line":74,"column":null}},"34":{"start":{"line":74,"column":12},"end":{"line":74,"column":null}},"35":{"start":{"line":75,"column":13},"end":{"line":75,"column":41}},"36":{"start":{"line":75,"column":6},"end":{"line":75,"column":41}},"37":{"start":{"line":78,"column":4},"end":{"line":78,"column":27}},"38":{"start":{"line":60,"column":13},"end":{"line":60,"column":32}},"39":{"start":{"line":96,"column":33},"end":{"line":97,"column":7}},"40":{"start":{"line":97,"column":2},"end":{"line":103,"column":23}},"41":{"start":{"line":98,"column":19},"end":{"line":98,"column":60}},"42":{"start":{"line":100,"column":6},"end":{"line":100,"column":42}},"43":{"start":{"line":100,"column":25},"end":{"line":100,"column":42}},"44":{"start":{"line":101,"column":6},"end":{"line":101,"column":34}},"45":{"start":{"line":96,"column":13},"end":{"line":96,"column":33}},"46":{"start":{"line":105,"column":27},"end":{"line":106,"column":7}},"47":{"start":{"line":106,"column":2},"end":{"line":112,"column":23}},"48":{"start":{"line":107,"column":19},"end":{"line":107,"column":54}},"49":{"start":{"line":109,"column":6},"end":{"line":109,"column":37}},"50":{"start":{"line":109,"column":25},"end":{"line":109,"column":37}},"51":{"start":{"line":110,"column":6},"end":{"line":110,"column":34}},"52":{"start":{"line":105,"column":13},"end":{"line":105,"column":27}},"53":{"start":{"line":114,"column":28},"end":{"line":115,"column":18}},"54":{"start":{"line":115,"column":2},"end":{"line":126,"column":23}},"55":{"start":{"line":123,"column":6},"end":{"line":123,"column":44}},"56":{"start":{"line":123,"column":25},"end":{"line":123,"column":44}},"57":{"start":{"line":124,"column":6},"end":{"line":124,"column":34}},"58":{"start":{"line":114,"column":13},"end":{"line":114,"column":28}},"59":{"start":{"line":151,"column":30},"end":{"line":152,"column":18}},"60":{"start":{"line":152,"column":2},"end":{"line":166,"column":23}},"61":{"start":{"line":163,"column":6},"end":{"line":163,"column":53}},"62":{"start":{"line":163,"column":33},"end":{"line":163,"column":53}},"63":{"start":{"line":164,"column":6},"end":{"line":164,"column":42}},"64":{"start":{"line":151,"column":13},"end":{"line":151,"column":30}},"65":{"start":{"line":172,"column":35},"end":{"line":173,"column":7}},"66":{"start":{"line":173,"column":2},"end":{"line":180,"column":23}},"67":{"start":{"line":179,"column":19},"end":{"line":179,"column":54}},"68":{"start":{"line":172,"column":13},"end":{"line":172,"column":35}},"69":{"start":{"line":194,"column":31},"end":{"line":195,"column":7}},"70":{"start":{"line":195,"column":2},"end":{"line":207,"column":23}},"71":{"start":{"line":202,"column":19},"end":{"line":202,"column":53}},"72":{"start":{"line":204,"column":6},"end":{"line":204,"column":53}},"73":{"start":{"line":204,"column":33},"end":{"line":204,"column":53}},"74":{"start":{"line":205,"column":6},"end":{"line":205,"column":42}},"75":{"start":{"line":194,"column":13},"end":{"line":194,"column":31}},"76":{"start":{"line":214,"column":28},"end":{"line":215,"column":7}},"77":{"start":{"line":215,"column":2},"end":{"line":227,"column":23}},"78":{"start":{"line":222,"column":19},"end":{"line":222,"column":53}},"79":{"start":{"line":224,"column":6},"end":{"line":224,"column":53}},"80":{"start":{"line":224,"column":33},"end":{"line":224,"column":53}},"81":{"start":{"line":225,"column":6},"end":{"line":225,"column":42}},"82":{"start":{"line":214,"column":13},"end":{"line":214,"column":28}},"83":{"start":{"line":229,"column":33},"end":{"line":230,"column":7}},"84":{"start":{"line":230,"column":2},"end":{"line":242,"column":23}},"85":{"start":{"line":237,"column":19},"end":{"line":237,"column":59}},"86":{"start":{"line":239,"column":6},"end":{"line":239,"column":53}},"87":{"start":{"line":239,"column":33},"end":{"line":239,"column":53}},"88":{"start":{"line":240,"column":6},"end":{"line":240,"column":42}},"89":{"start":{"line":229,"column":13},"end":{"line":229,"column":33}},"90":{"start":{"line":244,"column":32},"end":{"line":245,"column":7}},"91":{"start":{"line":245,"column":2},"end":{"line":257,"column":23}},"92":{"start":{"line":252,"column":19},"end":{"line":252,"column":59}},"93":{"start":{"line":254,"column":6},"end":{"line":254,"column":53}},"94":{"start":{"line":254,"column":33},"end":{"line":254,"column":53}},"95":{"start":{"line":255,"column":6},"end":{"line":255,"column":42}},"96":{"start":{"line":244,"column":13},"end":{"line":244,"column":32}},"97":{"start":{"line":261,"column":26},"end":{"line":262,"column":18}},"98":{"start":{"line":262,"column":2},"end":{"line":266,"column":23}},"99":{"start":{"line":261,"column":13},"end":{"line":261,"column":26}},"100":{"start":{"line":268,"column":29},"end":{"line":269,"column":18}},"101":{"start":{"line":269,"column":2},"end":{"line":276,"column":23}},"102":{"start":{"line":268,"column":13},"end":{"line":268,"column":29}},"103":{"start":{"line":278,"column":25},"end":{"line":279,"column":7}},"104":{"start":{"line":279,"column":2},"end":{"line":289,"column":23}},"105":{"start":{"line":288,"column":19},"end":{"line":288,"column":59}},"106":{"start":{"line":278,"column":13},"end":{"line":278,"column":25}}},"fnMap":{"0":{"name":"(anonymous_13)","decl":{"start":{"line":6,"column":22},"end":{"line":6,"column":26}},"loc":{"start":{"line":6,"column":39},"end":{"line":7,"column":5}}},"1":{"name":"(anonymous_14)","decl":{"start":{"line":7,"column":40},"end":{"line":7,"column":41}},"loc":{"start":{"line":7,"column":44},"end":{"line":7,"column":56}}},"2":{"name":"(anonymous_15)","decl":{"start":{"line":9,"column":19},"end":{"line":9,"column":20}},"loc":{"start":{"line":9,"column":34},"end":{"line":28,"column":1}}},"3":{"name":"(anonymous_16)","decl":{"start":{"line":39,"column":28},"end":{"line":39,"column":null}},"loc":{"start":{"line":39,"column":28},"end":{"line":40,"column":7}}},"4":{"name":"(anonymous_17)","decl":{"start":{"line":49,"column":10},"end":{"line":49,"column":11}},"loc":{"start":{"line":49,"column":14},"end":{"line":49,"column":32}}},"5":{"name":"(anonymous_18)","decl":{"start":{"line":50,"column":10},"end":{"line":50,"column":11}},"loc":{"start":{"line":50,"column":22},"end":{"line":57,"column":5}}},"6":{"name":"(anonymous_19)","decl":{"start":{"line":60,"column":32},"end":{"line":60,"column":null}},"loc":{"start":{"line":62,"column":22},"end":{"line":80,"column":2}}},"7":{"name":"(anonymous_20)","decl":{"start":{"line":62,"column":22},"end":{"line":62,"column":null}},"loc":{"start":{"line":62,"column":22},"end":{"line":80,"column":2}}},"8":{"name":"(anonymous_22)","decl":{"start":{"line":96,"column":33},"end":{"line":96,"column":null}},"loc":{"start":{"line":96,"column":33},"end":{"line":97,"column":7}}},"9":{"name":"(anonymous_23)","decl":{"start":{"line":98,"column":10},"end":{"line":98,"column":11}},"loc":{"start":{"line":98,"column":14},"end":{"line":98,"column":32}}},"10":{"name":"(anonymous_24)","decl":{"start":{"line":99,"column":10},"end":{"line":99,"column":11}},"loc":{"start":{"line":99,"column":15},"end":{"line":102,"column":5}}},"11":{"name":"(anonymous_25)","decl":{"start":{"line":105,"column":27},"end":{"line":105,"column":null}},"loc":{"start":{"line":105,"column":27},"end":{"line":106,"column":7}}},"12":{"name":"(anonymous_26)","decl":{"start":{"line":107,"column":10},"end":{"line":107,"column":11}},"loc":{"start":{"line":107,"column":14},"end":{"line":107,"column":32}}},"13":{"name":"(anonymous_27)","decl":{"start":{"line":108,"column":10},"end":{"line":108,"column":11}},"loc":{"start":{"line":108,"column":15},"end":{"line":111,"column":5}}},"14":{"name":"(anonymous_28)","decl":{"start":{"line":114,"column":28},"end":{"line":114,"column":null}},"loc":{"start":{"line":114,"column":28},"end":{"line":115,"column":18}}},"15":{"name":"(anonymous_29)","decl":{"start":{"line":122,"column":10},"end":{"line":122,"column":11}},"loc":{"start":{"line":122,"column":15},"end":{"line":125,"column":5}}},"16":{"name":"(anonymous_30)","decl":{"start":{"line":151,"column":30},"end":{"line":151,"column":31}},"loc":{"start":{"line":151,"column":45},"end":{"line":152,"column":18}}},"17":{"name":"(anonymous_31)","decl":{"start":{"line":162,"column":10},"end":{"line":162,"column":11}},"loc":{"start":{"line":162,"column":23},"end":{"line":165,"column":5}}},"18":{"name":"(anonymous_32)","decl":{"start":{"line":172,"column":35},"end":{"line":172,"column":36}},"loc":{"start":{"line":172,"column":50},"end":{"line":173,"column":7}}},"19":{"name":"(anonymous_33)","decl":{"start":{"line":179,"column":10},"end":{"line":179,"column":11}},"loc":{"start":{"line":179,"column":14},"end":{"line":179,"column":32}}},"20":{"name":"(anonymous_34)","decl":{"start":{"line":194,"column":31},"end":{"line":194,"column":32}},"loc":{"start":{"line":194,"column":51},"end":{"line":195,"column":7}}},"21":{"name":"(anonymous_35)","decl":{"start":{"line":202,"column":10},"end":{"line":202,"column":11}},"loc":{"start":{"line":202,"column":14},"end":{"line":202,"column":32}}},"22":{"name":"(anonymous_36)","decl":{"start":{"line":203,"column":10},"end":{"line":203,"column":11}},"loc":{"start":{"line":203,"column":23},"end":{"line":206,"column":5}}},"23":{"name":"(anonymous_37)","decl":{"start":{"line":214,"column":28},"end":{"line":214,"column":29}},"loc":{"start":{"line":214,"column":45},"end":{"line":215,"column":7}}},"24":{"name":"(anonymous_38)","decl":{"start":{"line":222,"column":10},"end":{"line":222,"column":11}},"loc":{"start":{"line":222,"column":14},"end":{"line":222,"column":32}}},"25":{"name":"(anonymous_39)","decl":{"start":{"line":223,"column":10},"end":{"line":223,"column":11}},"loc":{"start":{"line":223,"column":23},"end":{"line":226,"column":5}}},"26":{"name":"(anonymous_40)","decl":{"start":{"line":229,"column":33},"end":{"line":229,"column":34}},"loc":{"start":{"line":229,"column":57},"end":{"line":230,"column":7}}},"27":{"name":"(anonymous_41)","decl":{"start":{"line":237,"column":10},"end":{"line":237,"column":11}},"loc":{"start":{"line":237,"column":14},"end":{"line":237,"column":32}}},"28":{"name":"(anonymous_42)","decl":{"start":{"line":238,"column":10},"end":{"line":238,"column":11}},"loc":{"start":{"line":238,"column":23},"end":{"line":241,"column":5}}},"29":{"name":"(anonymous_43)","decl":{"start":{"line":244,"column":32},"end":{"line":244,"column":33}},"loc":{"start":{"line":244,"column":74},"end":{"line":245,"column":7}}},"30":{"name":"(anonymous_44)","decl":{"start":{"line":252,"column":10},"end":{"line":252,"column":11}},"loc":{"start":{"line":252,"column":14},"end":{"line":252,"column":32}}},"31":{"name":"(anonymous_45)","decl":{"start":{"line":253,"column":10},"end":{"line":253,"column":11}},"loc":{"start":{"line":253,"column":23},"end":{"line":256,"column":5}}},"32":{"name":"(anonymous_46)","decl":{"start":{"line":261,"column":26},"end":{"line":261,"column":null}},"loc":{"start":{"line":261,"column":26},"end":{"line":262,"column":18}}},"33":{"name":"(anonymous_47)","decl":{"start":{"line":268,"column":29},"end":{"line":268,"column":30}},"loc":{"start":{"line":268,"column":58},"end":{"line":269,"column":18}}},"34":{"name":"(anonymous_48)","decl":{"start":{"line":278,"column":25},"end":{"line":278,"column":null}},"loc":{"start":{"line":278,"column":25},"end":{"line":279,"column":7}}},"35":{"name":"(anonymous_49)","decl":{"start":{"line":288,"column":10},"end":{"line":288,"column":11}},"loc":{"start":{"line":288,"column":14},"end":{"line":288,"column":32}}}},"branchMap":{"0":{"loc":{"start":{"line":7,"column":2},"end":{"line":7,"column":69}},"type":"cond-expr","locations":[{"start":{"line":7,"column":11},"end":{"line":7,"column":21}},{"start":{"line":7,"column":24},"end":{"line":7,"column":69}}]},"1":{"loc":{"start":{"line":10,"column":2},"end":{"line":12,"column":3}},"type":"if","locations":[{"start":{"line":10,"column":2},"end":{"line":12,"column":3}}]},"2":{"loc":{"start":{"line":14,"column":2},"end":{"line":21,"column":3}},"type":"if","locations":[{"start":{"line":14,"column":2},"end":{"line":21,"column":3}}]},"3":{"loc":{"start":{"line":15,"column":4},"end":{"line":18,"column":37}},"type":"binary-expr","locations":[{"start":{"line":15,"column":4},"end":{"line":15,"column":29}},{"start":{"line":16,"column":4},"end":{"line":16,"column":18}},{"start":{"line":17,"column":4},"end":{"line":17,"column":22}},{"start":{"line":18,"column":4},"end":{"line":18,"column":37}}]},"4":{"loc":{"start":{"line":23,"column":2},"end":{"line":25,"column":3}},"type":"if","locations":[{"start":{"line":23,"column":2},"end":{"line":25,"column":3}}]},"5":{"loc":{"start":{"line":51,"column":6},"end":{"line":53,"column":7}},"type":"if","locations":[{"start":{"line":51,"column":6},"end":{"line":53,"column":7}}]},"6":{"loc":{"start":{"line":66,"column":4},"end":{"line":66,"column":39}},"type":"switch","locations":[{"start":{"line":66,"column":4},"end":{"line":66,"column":39}},{"start":{"line":75,"column":6},"end":{"line":75,"column":41}},{"start":{"line":78,"column":4},"end":{"line":78,"column":27}}]},"7":{"loc":{"start":{"line":68,"column":8},"end":{"line":68,"column":9}},"type":"if","locations":[{"start":{"line":68,"column":8},"end":{"line":68,"column":9}}]},"8":{"loc":{"start":{"line":70,"column":6},"end":{"line":73,"column":7}},"type":"if","locations":[{"start":{"line":70,"column":6},"end":{"line":73,"column":7}}]},"9":{"loc":{"start":{"line":100,"column":6},"end":{"line":100,"column":42}},"type":"if","locations":[{"start":{"line":100,"column":6},"end":{"line":100,"column":42}}]},"10":{"loc":{"start":{"line":100,"column":10},"end":{"line":100,"column":23}},"type":"cond-expr","locations":[{"start":{"line":100,"column":14},"end":{"line":100,"column":16}},{"start":{"line":100,"column":10},"end":{"line":100,"column":23}}]},"11":{"loc":{"start":{"line":100,"column":10},"end":{"line":100,"column":16}},"type":"binary-expr","locations":[{"start":{"line":100,"column":10},"end":{"line":100,"column":16}},{"start":{"line":100,"column":10},"end":{"line":100,"column":16}}]},"12":{"loc":{"start":{"line":109,"column":6},"end":{"line":109,"column":37}},"type":"if","locations":[{"start":{"line":109,"column":6},"end":{"line":109,"column":37}}]},"13":{"loc":{"start":{"line":109,"column":10},"end":{"line":109,"column":23}},"type":"cond-expr","locations":[{"start":{"line":109,"column":14},"end":{"line":109,"column":16}},{"start":{"line":109,"column":10},"end":{"line":109,"column":23}}]},"14":{"loc":{"start":{"line":109,"column":10},"end":{"line":109,"column":16}},"type":"binary-expr","locations":[{"start":{"line":109,"column":10},"end":{"line":109,"column":16}},{"start":{"line":109,"column":10},"end":{"line":109,"column":16}}]},"15":{"loc":{"start":{"line":123,"column":6},"end":{"line":123,"column":44}},"type":"if","locations":[{"start":{"line":123,"column":6},"end":{"line":123,"column":44}}]},"16":{"loc":{"start":{"line":123,"column":10},"end":{"line":123,"column":23}},"type":"cond-expr","locations":[{"start":{"line":123,"column":14},"end":{"line":123,"column":16}},{"start":{"line":123,"column":10},"end":{"line":123,"column":23}}]},"17":{"loc":{"start":{"line":123,"column":10},"end":{"line":123,"column":16}},"type":"binary-expr","locations":[{"start":{"line":123,"column":10},"end":{"line":123,"column":16}},{"start":{"line":123,"column":10},"end":{"line":123,"column":16}}]},"18":{"loc":{"start":{"line":163,"column":6},"end":{"line":163,"column":53}},"type":"if","locations":[{"start":{"line":163,"column":6},"end":{"line":163,"column":53}}]},"19":{"loc":{"start":{"line":163,"column":10},"end":{"line":163,"column":31}},"type":"cond-expr","locations":[{"start":{"line":163,"column":22},"end":{"line":163,"column":24}},{"start":{"line":163,"column":10},"end":{"line":163,"column":31}}]},"20":{"loc":{"start":{"line":163,"column":10},"end":{"line":163,"column":24}},"type":"binary-expr","locations":[{"start":{"line":163,"column":10},"end":{"line":163,"column":24}},{"start":{"line":163,"column":10},"end":{"line":163,"column":24}}]},"21":{"loc":{"start":{"line":204,"column":6},"end":{"line":204,"column":53}},"type":"if","locations":[{"start":{"line":204,"column":6},"end":{"line":204,"column":53}}]},"22":{"loc":{"start":{"line":204,"column":10},"end":{"line":204,"column":31}},"type":"cond-expr","locations":[{"start":{"line":204,"column":22},"end":{"line":204,"column":24}},{"start":{"line":204,"column":10},"end":{"line":204,"column":31}}]},"23":{"loc":{"start":{"line":204,"column":10},"end":{"line":204,"column":24}},"type":"binary-expr","locations":[{"start":{"line":204,"column":10},"end":{"line":204,"column":24}},{"start":{"line":204,"column":10},"end":{"line":204,"column":24}}]},"24":{"loc":{"start":{"line":224,"column":6},"end":{"line":224,"column":53}},"type":"if","locations":[{"start":{"line":224,"column":6},"end":{"line":224,"column":53}}]},"25":{"loc":{"start":{"line":224,"column":10},"end":{"line":224,"column":31}},"type":"cond-expr","locations":[{"start":{"line":224,"column":22},"end":{"line":224,"column":24}},{"start":{"line":224,"column":10},"end":{"line":224,"column":31}}]},"26":{"loc":{"start":{"line":224,"column":10},"end":{"line":224,"column":24}},"type":"binary-expr","locations":[{"start":{"line":224,"column":10},"end":{"line":224,"column":24}},{"start":{"line":224,"column":10},"end":{"line":224,"column":24}}]},"27":{"loc":{"start":{"line":239,"column":6},"end":{"line":239,"column":53}},"type":"if","locations":[{"start":{"line":239,"column":6},"end":{"line":239,"column":53}}]},"28":{"loc":{"start":{"line":239,"column":10},"end":{"line":239,"column":31}},"type":"cond-expr","locations":[{"start":{"line":239,"column":22},"end":{"line":239,"column":24}},{"start":{"line":239,"column":10},"end":{"line":239,"column":31}}]},"29":{"loc":{"start":{"line":239,"column":10},"end":{"line":239,"column":24}},"type":"binary-expr","locations":[{"start":{"line":239,"column":10},"end":{"line":239,"column":24}},{"start":{"line":239,"column":10},"end":{"line":239,"column":24}}]},"30":{"loc":{"start":{"line":254,"column":6},"end":{"line":254,"column":53}},"type":"if","locations":[{"start":{"line":254,"column":6},"end":{"line":254,"column":53}}]},"31":{"loc":{"start":{"line":254,"column":10},"end":{"line":254,"column":31}},"type":"cond-expr","locations":[{"start":{"line":254,"column":22},"end":{"line":254,"column":24}},{"start":{"line":254,"column":10},"end":{"line":254,"column":31}}]},"32":{"loc":{"start":{"line":254,"column":10},"end":{"line":254,"column":24}},"type":"binary-expr","locations":[{"start":{"line":254,"column":10},"end":{"line":254,"column":24}},{"start":{"line":254,"column":10},"end":{"line":254,"column":24}}]}},"s":{"0":2,"1":2,"2":2,"3":0,"4":0,"5":2,"6":0,"7":0,"8":0,"9":0,"10":0,"11":0,"12":0,"13":2,"14":0,"15":0,"16":0,"17":0,"18":0,"19":0,"20":0,"21":2,"22":2,"23":0,"24":0,"25":0,"26":0,"27":0,"28":0,"29":0,"30":0,"31":0,"32":0,"33":0,"34":0,"35":0,"36":0,"37":0,"38":2,"39":2,"40":0,"41":0,"42":0,"43":0,"44":0,"45":2,"46":2,"47":0,"48":0,"49":0,"50":0,"51":0,"52":2,"53":2,"54":0,"55":0,"56":0,"57":0,"58":2,"59":2,"60":0,"61":0,"62":0,"63":0,"64":2,"65":2,"66":0,"67":0,"68":2,"69":2,"70":0,"71":0,"72":0,"73":0,"74":0,"75":2,"76":2,"77":0,"78":0,"79":0,"80":0,"81":0,"82":2,"83":2,"84":0,"85":0,"86":0,"87":0,"88":0,"89":2,"90":2,"91":0,"92":0,"93":0,"94":0,"95":0,"96":2,"97":2,"98":0,"99":2,"100":2,"101":0,"102":2,"103":2,"104":0,"105":0,"106":2},"f":{"0":0,"1":0,"2":0,"3":0,"4":0,"5":0,"6":0,"7":0,"8":0,"9":0,"10":0,"11":0,"12":0,"13":0,"14":0,"15":0,"16":0,"17":0,"18":0,"19":0,"20":0,"21":0,"22":0,"23":0,"24":0,"25":0,"26":0,"27":0,"28":0,"29":0,"30":0,"31":0,"32":0,"33":0,"34":0,"35":0},"b":{"0":[0,0],"1":[0],"2":[0],"3":[0,0,0,0],"4":[0],"5":[0],"6":[0,0,0],"7":[0],"8":[0],"9":[0],"10":[0,0],"11":[0,0],"12":[0],"13":[0,0],"14":[0,0],"15":[0],"16":[0,0],"17":[0,0],"18":[0],"19":[0,0],"20":[0,0],"21":[0],"22":[0,0],"23":[0,0],"24":[0],"25":[0,0],"26":[0,0],"27":[0],"28":[0,0],"29":[0,0],"30":[0],"31":[0,0],"32":[0,0]}}
,"C:\\Code\\stellar-burgers\\src\\utils\\cookie.ts": {"path":"C:\\Code\\stellar-burgers\\src\\utils\\cookie.ts","statementMap":{"0":{"start":{"line":2,"column":18},"end":{"line":8,"column":null}},"1":{"start":{"line":10,"column":2},"end":{"line":10,"column":62}},"2":{"start":{"line":1,"column":0},"end":{"line":1,"column":16}},"3":{"start":{"line":16,"column":2},"end":{"line":16,"column":null}},"4":{"start":{"line":18,"column":2},"end":{"line":21,"column":4}},"5":{"start":{"line":23,"column":12},"end":{"line":23,"column":25}},"6":{"start":{"line":24,"column":2},"end":{"line":28,"column":3}},"7":{"start":{"line":25,"column":14},"end":{"line":25,"column":24}},"8":{"start":{"line":26,"column":4},"end":{"line":26,"column":40}},"9":{"start":{"line":27,"column":4},"end":{"line":27,"column":28}},"10":{"start":{"line":30,"column":2},"end":{"line":32,"column":3}},"11":{"start":{"line":31,"column":4},"end":{"line":31,"column":38}},"12":{"start":{"line":33,"column":2},"end":{"line":33,"column":36}},"13":{"start":{"line":34,"column":22},"end":{"line":34,"column":40}},"14":{"start":{"line":35,"column":2},"end":{"line":41,"column":3}},"15":{"start":{"line":36,"column":4},"end":{"line":36,"column":37}},"16":{"start":{"line":37,"column":22},"end":{"line":37,"column":37}},"17":{"start":{"line":38,"column":4},"end":{"line":40,"column":5}},"18":{"start":{"line":39,"column":6},"end":{"line":39,"column":39}},"19":{"start":{"line":42,"column":2},"end":{"line":42,"column":34}},"20":{"start":{"line":13,"column":0},"end":{"line":13,"column":16}},"21":{"start":{"line":46,"column":2},"end":{"line":46,"column":39}},"22":{"start":{"line":45,"column":0},"end":{"line":45,"column":16}}},"fnMap":{"0":{"name":"getCookie","decl":{"start":{"line":1,"column":16},"end":{"line":1,"column":25}},"loc":{"start":{"line":1,"column":38},"end":{"line":11,"column":1}}},"1":{"name":"setCookie","decl":{"start":{"line":13,"column":16},"end":{"line":13,"column":25}},"loc":{"start":{"line":16,"column":65},"end":{"line":43,"column":1}}},"2":{"name":"deleteCookie","decl":{"start":{"line":45,"column":16},"end":{"line":45,"column":28}},"loc":{"start":{"line":45,"column":41},"end":{"line":47,"column":1}}}},"branchMap":{"0":{"loc":{"start":{"line":10,"column":9},"end":{"line":10,"column":61}},"type":"cond-expr","locations":[{"start":{"line":10,"column":19},"end":{"line":10,"column":49}},{"start":{"line":10,"column":52},"end":{"line":10,"column":61}}]},"1":{"loc":{"start":{"line":16,"column":2},"end":{"line":16,"column":null}},"type":"if","locations":[{"start":{"line":16,"column":2},"end":{"line":16,"column":null}}]},"2":{"loc":{"start":{"line":24,"column":2},"end":{"line":28,"column":3}},"type":"if","locations":[{"start":{"line":24,"column":2},"end":{"line":28,"column":3}}]},"3":{"loc":{"start":{"line":24,"column":6},"end":{"line":24,"column":36}},"type":"binary-expr","locations":[{"start":{"line":24,"column":6},"end":{"line":24,"column":9}},{"start":{"line":24,"column":13},"end":{"line":24,"column":36}}]},"4":{"loc":{"start":{"line":30,"column":2},"end":{"line":32,"column":3}},"type":"if","locations":[{"start":{"line":30,"column":2},"end":{"line":32,"column":3}}]},"5":{"loc":{"start":{"line":30,"column":6},"end":{"line":30,"column":32}},"type":"binary-expr","locations":[{"start":{"line":30,"column":6},"end":{"line":30,"column":9}},{"start":{"line":30,"column":13},"end":{"line":30,"column":32}}]},"6":{"loc":{"start":{"line":38,"column":4},"end":{"line":40,"column":5}},"type":"if","locations":[{"start":{"line":38,"column":4},"end":{"line":40,"column":5}}]}},"s":{"0":0,"1":0,"2":2,"3":0,"4":0,"5":0,"6":0,"7":0,"8":0,"9":0,"10":0,"11":0,"12":0,"13":0,"14":0,"15":0,"16":0,"17":0,"18":0,"19":0,"20":2,"21":0,"22":2},"f":{"0":0,"1":0,"2":0},"b":{"0":[0,0],"1":[0],"2":[0],"3":[0,0],"4":[0],"5":[0,0],"6":[0]}}
}
