TN:
SF:src\services\rootReducer.ts
FNF:0
FNH:0
DA:1,1
DA:2,1
DA:3,1
DA:4,1
DA:5,1
DA:6,1
DA:8,1
LF:7
LH:7
BRF:0
BRH:0
end_of_record
TN:
SF:src\services\slices\constructorSlice.ts
FN:20,(anonymous_2)
FN:31,(anonymous_3)
FN:41,(anonymous_4)
FN:43,(anonymous_5)
FN:46,(anonymous_6)
FN:56,(anonymous_7)
FN:66,(anonymous_8)
FNF:7
FNH:6
FNDA:2,(anonymous_2)
FNDA:2,(anonymous_3)
FNDA:1,(anonymous_4)
FNDA:2,(anonymous_5)
FNDA:1,(anonymous_6)
FNDA:1,(anonymous_7)
FNDA:0,(anonymous_8)
DA:1,2
DA:2,2
DA:10,2
DA:15,2
DA:24,2
DA:25,1
DA:26,1
DA:29,1
DA:31,2
DA:42,1
DA:43,2
DA:47,1
DA:48,1
DA:49,0
DA:51,1
DA:57,1
DA:58,1
DA:59,0
DA:61,1
DA:66,0
DA:71,2
DA:78,2
LF:22
LH:19
BRDA:24,0,0,1
BRDA:33,1,0,1
BRDA:33,1,1,1
BRDA:48,2,0,0
BRDA:58,3,0,0
BRF:5
BRH:3
end_of_record
TN:
SF:src\services\slices\feedSlice.ts
FN:29,(anonymous_13)
FN:44,(anonymous_16)
FN:61,(anonymous_19)
FN:63,(anonymous_20)
FN:67,(anonymous_21)
FN:73,(anonymous_22)
FN:78,(anonymous_23)
FN:82,(anonymous_24)
FN:86,(anonymous_25)
FNF:9
FNH:1
FNDA:0,(anonymous_13)
FNDA:0,(anonymous_16)
FNDA:1,(anonymous_19)
FNDA:0,(anonymous_20)
FNDA:0,(anonymous_21)
FNDA:0,(anonymous_22)
FNDA:0,(anonymous_23)
FNDA:0,(anonymous_24)
FNDA:0,(anonymous_25)
DA:1,1
DA:2,1
DA:16,1
DA:27,1
DA:29,0
DA:31,0
DA:33,0
DA:42,1
DA:44,0
DA:46,0
DA:48,0
DA:57,1
DA:62,1
DA:64,0
DA:65,0
DA:68,0
DA:69,0
DA:70,0
DA:71,0
DA:74,0
DA:75,0
DA:79,0
DA:80,0
DA:83,0
DA:84,0
DA:87,0
DA:88,0
DA:94,1
LF:28
LH:8
BRDA:31,0,0,0
BRDA:34,1,0,0
BRDA:34,1,1,0
BRDA:46,2,0,0
BRDA:49,3,0,0
BRDA:49,3,1,0
BRDA:76,4,0,0
BRDA:76,4,1,0
BRDA:89,5,0,0
BRDA:89,5,1,0
BRF:10
BRH:0
end_of_record
TN:
SF:src\services\slices\ingredientsSlice.ts
FN:19,(anonymous_13)
FN:36,(anonymous_16)
FN:38,(anonymous_17)
FN:42,(anonymous_18)
FN:46,(anonymous_19)
FNF:5
FNH:4
FNDA:0,(anonymous_13)
FNDA:2,(anonymous_16)
FNDA:1,(anonymous_17)
FNDA:1,(anonymous_18)
FNDA:1,(anonymous_19)
DA:1,2
DA:2,2
DA:11,2
DA:17,2
DA:19,0
DA:21,0
DA:23,0
DA:32,2
DA:37,2
DA:39,1
DA:40,1
DA:43,1
DA:44,1
DA:47,1
DA:48,1
DA:54,2
LF:16
LH:13
BRDA:21,0,0,0
BRDA:24,1,0,0
BRDA:24,1,1,0
BRDA:49,2,0,1
BRDA:49,2,1,0
BRF:5
BRH:1
end_of_record
TN:
SF:src\services\slices\orderSlice.ts
FN:21,(anonymous_13)
FN:34,(anonymous_16)
FN:53,(anonymous_19)
FN:56,(anonymous_20)
FN:59,(anonymous_21)
FN:63,(anonymous_22)
FN:65,(anonymous_23)
FN:69,(anonymous_24)
FN:73,(anonymous_25)
FN:77,(anonymous_26)
FN:80,(anonymous_27)
FN:83,(anonymous_28)
FNF:12
FNH:1
FNDA:0,(anonymous_13)
FNDA:0,(anonymous_16)
FNDA:0,(anonymous_19)
FNDA:0,(anonymous_20)
FNDA:0,(anonymous_21)
FNDA:1,(anonymous_22)
FNDA:0,(anonymous_23)
FNDA:0,(anonymous_24)
FNDA:0,(anonymous_25)
FNDA:0,(anonymous_26)
FNDA:0,(anonymous_27)
FNDA:0,(anonymous_28)
DA:1,1
DA:2,1
DA:12,1
DA:19,1
DA:21,0
DA:23,0
DA:25,0
DA:32,1
DA:34,0
DA:36,0
DA:37,0
DA:38,0
DA:40,0
DA:42,0
DA:49,1
DA:54,0
DA:57,0
DA:60,0
DA:64,1
DA:66,0
DA:67,0
DA:70,0
DA:71,0
DA:74,0
DA:75,0
DA:78,0
DA:81,0
DA:84,0
DA:89,1
DA:92,1
LF:30
LH:9
BRDA:23,0,0,0
BRDA:26,1,0,0
BRDA:26,1,1,0
BRDA:37,2,0,0
BRDA:43,3,0,0
BRDA:43,3,1,0
BRDA:75,4,0,0
BRDA:75,4,1,0
BRDA:84,5,0,0
BRDA:84,5,1,0
BRF:10
BRH:0
end_of_record
TN:
SF:src\services\slices\userSlice.ts
FN:34,(anonymous_13)
FN:39,(anonymous_14)
FN:46,(anonymous_15)
FN:59,(anonymous_18)
FN:72,(anonymous_21)
FN:91,(anonymous_24)
FN:104,(anonymous_27)
FN:120,(anonymous_30)
FN:122,(anonymous_31)
FN:125,(anonymous_32)
FN:131,(anonymous_33)
FN:136,(anonymous_34)
FN:139,(anonymous_35)
FN:145,(anonymous_36)
FN:149,(anonymous_37)
FN:152,(anonymous_38)
FN:157,(anonymous_39)
FN:163,(anonymous_40)
FN:166,(anonymous_41)
FN:169,(anonymous_42)
FN:173,(anonymous_43)
FN:176,(anonymous_44)
FN:182,(anonymous_45)
FNF:23
FNH:1
FNDA:0,(anonymous_13)
FNDA:0,(anonymous_14)
FNDA:0,(anonymous_15)
FNDA:0,(anonymous_18)
FNDA:0,(anonymous_21)
FNDA:0,(anonymous_24)
FNDA:0,(anonymous_27)
FNDA:1,(anonymous_30)
FNDA:0,(anonymous_31)
FNDA:0,(anonymous_32)
FNDA:0,(anonymous_33)
FNDA:0,(anonymous_34)
FNDA:0,(anonymous_35)
FNDA:0,(anonymous_36)
FNDA:0,(anonymous_37)
FNDA:0,(anonymous_38)
FNDA:0,(anonymous_39)
FNDA:0,(anonymous_40)
FNDA:0,(anonymous_41)
FNDA:0,(anonymous_42)
FNDA:0,(anonymous_43)
FNDA:0,(anonymous_44)
FNDA:0,(anonymous_45)
DA:1,1
DA:2,1
DA:11,1
DA:24,1
DA:34,1
DA:35,0
DA:36,0
DA:39,1
DA:40,0
DA:41,0
DA:44,1
DA:46,0
DA:48,0
DA:50,0
DA:57,1
DA:59,0
DA:61,0
DA:63,0
DA:70,1
DA:72,0
DA:74,0
DA:75,0
DA:77,0
DA:78,0
DA:80,0
DA:89,1
DA:91,0
DA:93,0
DA:95,0
DA:102,1
DA:104,0
DA:106,0
DA:107,0
DA:109,0
DA:116,1
DA:121,1
DA:123,0
DA:126,0
DA:127,0
DA:128,0
DA:129,0
DA:132,0
DA:134,0
DA:137,0
DA:140,0
DA:141,0
DA:142,0
DA:143,0
DA:146,0
DA:147,0
DA:150,0
DA:153,0
DA:154,0
DA:155,0
DA:158,0
DA:159,0
DA:160,0
DA:161,0
DA:164,0
DA:167,0
DA:170,0
DA:174,0
DA:177,0
DA:178,0
DA:179,0
DA:180,0
DA:183,0
DA:188,1
LF:68
LH:14
BRDA:48,0,0,0
BRDA:51,1,0,0
BRDA:51,1,1,0
BRDA:61,2,0,0
BRDA:64,3,0,0
BRDA:64,3,1,0
BRDA:74,4,0,0
BRDA:81,5,0,0
BRDA:81,5,1,0
BRDA:93,6,0,0
BRDA:96,7,0,0
BRDA:96,7,1,0
BRDA:110,8,0,0
BRDA:110,8,1,0
BRDA:133,9,0,0
BRDA:133,9,1,0
BRDA:146,10,0,0
BRDA:146,10,1,0
BRDA:171,11,0,0
BRDA:171,11,1,0
BRDA:183,12,0,0
BRDA:183,12,1,0
BRF:22
BRH:0
end_of_record
TN:
SF:src\utils\burger-api.ts
FN:6,(anonymous_13)
FN:7,(anonymous_14)
FN:9,(anonymous_15)
FN:39,(anonymous_16)
FN:49,(anonymous_17)
FN:50,(anonymous_18)
FN:60,(anonymous_19)
FN:62,(anonymous_20)
FN:96,(anonymous_22)
FN:98,(anonymous_23)
FN:99,(anonymous_24)
FN:105,(anonymous_25)
FN:107,(anonymous_26)
FN:108,(anonymous_27)
FN:114,(anonymous_28)
FN:122,(anonymous_29)
FN:151,(anonymous_30)
FN:162,(anonymous_31)
FN:172,(anonymous_32)
FN:179,(anonymous_33)
FN:194,(anonymous_34)
FN:202,(anonymous_35)
FN:203,(anonymous_36)
FN:214,(anonymous_37)
FN:222,(anonymous_38)
FN:223,(anonymous_39)
FN:229,(anonymous_40)
FN:237,(anonymous_41)
FN:238,(anonymous_42)
FN:244,(anonymous_43)
FN:252,(anonymous_44)
FN:253,(anonymous_45)
FN:261,(anonymous_46)
FN:268,(anonymous_47)
FN:278,(anonymous_48)
FN:288,(anonymous_49)
FNF:36
FNH:0
FNDA:0,(anonymous_13)
FNDA:0,(anonymous_14)
FNDA:0,(anonymous_15)
FNDA:0,(anonymous_16)
FNDA:0,(anonymous_17)
FNDA:0,(anonymous_18)
FNDA:0,(anonymous_19)
FNDA:0,(anonymous_20)
FNDA:0,(anonymous_22)
FNDA:0,(anonymous_23)
FNDA:0,(anonymous_24)
FNDA:0,(anonymous_25)
FNDA:0,(anonymous_26)
FNDA:0,(anonymous_27)
FNDA:0,(anonymous_28)
FNDA:0,(anonymous_29)
FNDA:0,(anonymous_30)
FNDA:0,(anonymous_31)
FNDA:0,(anonymous_32)
FNDA:0,(anonymous_33)
FNDA:0,(anonymous_34)
FNDA:0,(anonymous_35)
FNDA:0,(anonymous_36)
FNDA:0,(anonymous_37)
FNDA:0,(anonymous_38)
FNDA:0,(anonymous_39)
FNDA:0,(anonymous_40)
FNDA:0,(anonymous_41)
FNDA:0,(anonymous_42)
FNDA:0,(anonymous_43)
FNDA:0,(anonymous_44)
FNDA:0,(anonymous_45)
FNDA:0,(anonymous_46)
FNDA:0,(anonymous_47)
FNDA:0,(anonymous_48)
FNDA:0,(anonymous_49)
DA:1,2
DA:4,2
DA:6,2
DA:7,0
DA:9,2
DA:10,0
DA:11,0
DA:14,0
DA:20,0
DA:23,0
DA:24,0
DA:27,0
DA:39,2
DA:40,0
DA:49,0
DA:51,0
DA:52,0
DA:54,0
DA:55,0
DA:56,0
DA:60,2
DA:62,0
DA:65,0
DA:66,0
DA:68,0
DA:69,0
DA:70,0
DA:71,0
DA:74,0
DA:75,0
DA:78,0
DA:96,2
DA:97,0
DA:98,0
DA:100,0
DA:101,0
DA:105,2
DA:106,0
DA:107,0
DA:109,0
DA:110,0
DA:114,2
DA:115,0
DA:123,0
DA:124,0
DA:151,2
DA:152,0
DA:163,0
DA:164,0
DA:172,2
DA:173,0
DA:179,0
DA:194,2
DA:195,0
DA:202,0
DA:204,0
DA:205,0
DA:214,2
DA:215,0
DA:222,0
DA:224,0
DA:225,0
DA:229,2
DA:230,0
DA:237,0
DA:239,0
DA:240,0
DA:244,2
DA:245,0
DA:252,0
DA:254,0
DA:255,0
DA:261,2
DA:262,0
DA:268,2
DA:269,0
DA:278,2
DA:279,0
DA:288,0
LF:79
LH:18
BRDA:7,0,0,0
BRDA:7,0,1,0
BRDA:10,1,0,0
BRDA:14,2,0,0
BRDA:15,3,0,0
BRDA:15,3,1,0
BRDA:15,3,2,0
BRDA:15,3,3,0
BRDA:23,4,0,0
BRDA:51,5,0,0
BRDA:66,6,0,0
BRDA:66,6,1,0
BRDA:66,6,2,0
BRDA:68,7,0,0
BRDA:70,8,0,0
BRDA:100,9,0,0
BRDA:100,10,0,0
BRDA:100,10,1,0
BRDA:100,11,0,0
BRDA:100,11,1,0
BRDA:109,12,0,0
BRDA:109,13,0,0
BRDA:109,13,1,0
BRDA:109,14,0,0
BRDA:109,14,1,0
BRDA:123,15,0,0
BRDA:123,16,0,0
BRDA:123,16,1,0
BRDA:123,17,0,0
BRDA:123,17,1,0
BRDA:163,18,0,0
BRDA:163,19,0,0
BRDA:163,19,1,0
BRDA:163,20,0,0
BRDA:163,20,1,0
BRDA:204,21,0,0
BRDA:204,22,0,0
BRDA:204,22,1,0
BRDA:204,23,0,0
BRDA:204,23,1,0
BRDA:224,24,0,0
BRDA:224,25,0,0
BRDA:224,25,1,0
BRDA:224,26,0,0
BRDA:224,26,1,0
BRDA:239,27,0,0
BRDA:239,28,0,0
BRDA:239,28,1,0
BRDA:239,29,0,0
BRDA:239,29,1,0
BRDA:254,30,0,0
BRDA:254,31,0,0
BRDA:254,31,1,0
BRDA:254,32,0,0
BRDA:254,32,1,0
BRF:55
BRH:0
end_of_record
TN:
SF:src\utils\cookie.ts
FN:1,getCookie
FN:13,setCookie
FN:45,deleteCookie
FNF:3
FNH:0
FNDA:0,getCookie
FNDA:0,setCookie
FNDA:0,deleteCookie
DA:1,2
DA:2,0
DA:10,0
DA:13,2
DA:16,0
DA:18,0
DA:23,0
DA:24,0
DA:25,0
DA:26,0
DA:27,0
DA:30,0
DA:31,0
DA:33,0
DA:34,0
DA:35,0
DA:36,0
DA:37,0
DA:38,0
DA:39,0
DA:42,0
DA:45,2
DA:46,0
LF:23
LH:3
BRDA:10,0,0,0
BRDA:10,0,1,0
BRDA:16,1,0,0
BRDA:24,2,0,0
BRDA:24,3,0,0
BRDA:24,3,1,0
BRDA:30,4,0,0
BRDA:30,5,0,0
BRDA:30,5,1,0
BRDA:38,6,0,0
BRF:10
BRH:0
end_of_record
